<?xml version="1.0" encoding="UTF-8"?>
<testsuite xmlns:xsi="http://www.w3.org/2001/XMLSchema-instance" xsi:noNamespaceSchemaLocation="https://maven.apache.org/surefire/maven-surefire-plugin/xsd/surefire-test-report.xsd" name="br.unesp.rc.springtutorial.service.FisicaServiceTest" time="5.363" tests="5" errors="0" skipped="5" failures="0">
  <properties>
[...]
</properties>
  <testcase name="testFindAll" classname="br.unesp.rc.springtutorial.service.FisicaServiceTest" time="0">
    <skipped message="public void br.unesp.rc.springtutorial.service.FisicaServiceTest.testFindAll() is @Disabled"/>
    <system-out><![CDATA[23:56:35.779 [main] DEBUG org.springframework.test.context.BootstrapUtils - Instantiating CacheAwareContextLoaderDelegate from class [org.springframework.test.context.cache.DefaultCacheAwareContextLoaderDelegate]
23:56:35.787 [main] DEBUG org.springframework.test.context.BootstrapUtils - Instantiating BootstrapContext using constructor [public org.springframework.test.context.support.DefaultBootstrapContext(java.lang.Class,org.springframework.test.context.CacheAwareContextLoaderDelegate)]
23:56:35.815 [main] DEBUG org.springframework.test.context.BootstrapUtils - Instantiating TestContextBootstrapper for test class [br.unesp.rc.springtutorial.service.FisicaServiceTest] from class [org.springframework.boot.test.context.SpringBootTestContextBootstrapper]
23:56:35.824 [main] INFO org.springframework.boot.test.context.SpringBootTestContextBootstrapper - Neither @ContextConfiguration nor @ContextHierarchy found for test class [br.unesp.rc.springtutorial.service.FisicaServiceTest], using SpringBootContextLoader
23:56:35.828 [main] DEBUG org.springframework.test.context.support.AbstractContextLoader - Did not detect default resource location for test class [br.unesp.rc.springtutorial.service.FisicaServiceTest]: class path resource [br/unesp/rc/springtutorial/service/FisicaServiceTest-context.xml] does not exist
23:56:35.828 [main] DEBUG org.springframework.test.context.support.AbstractContextLoader - Did not detect default resource location for test class [br.unesp.rc.springtutorial.service.FisicaServiceTest]: class path resource [br/unesp/rc/springtutorial/service/FisicaServiceTestContext.groovy] does not exist
23:56:35.828 [main] INFO org.springframework.test.context.support.AbstractContextLoader - Could not detect default resource locations for test class [br.unesp.rc.springtutorial.service.FisicaServiceTest]: no resource found for suffixes {-context.xml, Context.groovy}.
23:56:35.829 [main] INFO org.springframework.test.context.support.AnnotationConfigContextLoaderUtils - Could not detect default configuration classes for test class [br.unesp.rc.springtutorial.service.FisicaServiceTest]: FisicaServiceTest does not declare any static, non-private, non-final, nested classes annotated with @Configuration.
23:56:35.864 [main] DEBUG org.springframework.test.context.support.ActiveProfilesUtils - Could not find an 'annotation declaring class' for annotation type [org.springframework.test.context.ActiveProfiles] and class [br.unesp.rc.springtutorial.service.FisicaServiceTest]
23:56:35.914 [main] DEBUG org.springframework.context.annotation.ClassPathScanningCandidateComponentProvider - Identified candidate component class: file [C:\Desenvolvimento\Unesp\SpringTutorial\springtutorial\target\classes\br\unesp\rc\springtutorial\SpringtutorialApplication.class]
23:56:35.915 [main] INFO org.springframework.boot.test.context.SpringBootTestContextBootstrapper - Found @SpringBootConfiguration br.unesp.rc.springtutorial.SpringtutorialApplication for test class br.unesp.rc.springtutorial.service.FisicaServiceTest
23:56:36.011 [main] DEBUG org.springframework.boot.test.context.SpringBootTestContextBootstrapper - @TestExecutionListeners is not present for class [br.unesp.rc.springtutorial.service.FisicaServiceTest]: using defaults.
23:56:36.011 [main] INFO org.springframework.boot.test.context.SpringBootTestContextBootstrapper - Loaded default TestExecutionListener class names from location [META-INF/spring.factories]: [org.springframework.boot.test.mock.mockito.MockitoTestExecutionListener, org.springframework.boot.test.mock.mockito.ResetMocksTestExecutionListener, org.springframework.boot.test.autoconfigure.restdocs.RestDocsTestExecutionListener, org.springframework.boot.test.autoconfigure.web.client.MockRestServiceServerResetTestExecutionListener, org.springframework.boot.test.autoconfigure.web.servlet.MockMvcPrintOnlyOnFailureTestExecutionListener, org.springframework.boot.test.autoconfigure.web.servlet.WebDriverTestExecutionListener, org.springframework.boot.test.autoconfigure.webservices.client.MockWebServiceServerTestExecutionListener, org.springframework.test.context.web.ServletTestExecutionListener, org.springframework.test.context.support.DirtiesContextBeforeModesTestExecutionListener, org.springframework.test.context.event.ApplicationEventsTestExecutionListener, org.springframework.test.context.support.DependencyInjectionTestExecutionListener, org.springframework.test.context.support.DirtiesContextTestExecutionListener, org.springframework.test.context.transaction.TransactionalTestExecutionListener, org.springframework.test.context.jdbc.SqlScriptsTestExecutionListener, org.springframework.test.context.event.EventPublishingTestExecutionListener]
23:56:36.028 [main] INFO org.springframework.boot.test.context.SpringBootTestContextBootstrapper - Using TestExecutionListeners: [org.springframework.test.context.web.ServletTestExecutionListener@78d6692f, org.springframework.test.context.support.DirtiesContextBeforeModesTestExecutionListener@7a55af6b, org.springframework.test.context.event.ApplicationEventsTestExecutionListener@3d9c13b5, org.springframework.boot.test.mock.mockito.MockitoTestExecutionListener@492691d7, org.springframework.boot.test.autoconfigure.SpringBootDependencyInjectionTestExecutionListener@27216cd, org.springframework.test.context.support.DirtiesContextTestExecutionListener@558bdf1f, org.springframework.test.context.transaction.TransactionalTestExecutionListener@8576fa0, org.springframework.test.context.jdbc.SqlScriptsTestExecutionListener@7582ff54, org.springframework.test.context.event.EventPublishingTestExecutionListener@67545b57, org.springframework.boot.test.mock.mockito.ResetMocksTestExecutionListener@6c2c1385, org.springframework.boot.test.autoconfigure.restdocs.RestDocsTestExecutionListener@5f354bcf, org.springframework.boot.test.autoconfigure.web.client.MockRestServiceServerResetTestExecutionListener@3daf7722, org.springframework.boot.test.autoconfigure.web.servlet.MockMvcPrintOnlyOnFailureTestExecutionListener@78641d23, org.springframework.boot.test.autoconfigure.web.servlet.WebDriverTestExecutionListener@74589991, org.springframework.boot.test.autoconfigure.webservices.client.MockWebServiceServerTestExecutionListener@146dfe6]
23:56:36.031 [main] DEBUG org.springframework.test.context.support.AbstractDirtiesContextTestExecutionListener - Before test class: context [DefaultTestContext@1458ed9c testClass = FisicaServiceTest, testInstance = [null], testMethod = [null], testException = [null], mergedContextConfiguration = [WebMergedContextConfiguration@10a9d961 testClass = FisicaServiceTest, locations = '{}', classes = '{class br.unesp.rc.springtutorial.SpringtutorialApplication}', contextInitializerClasses = '[]', activeProfiles = '{}', propertySourceLocations = '{}', propertySourceProperties = '{org.springframework.boot.test.context.SpringBootTestContextBootstrapper=true}', contextCustomizers = set[org.springframework.boot.test.context.filter.ExcludeFilterContextCustomizer@bd4dc25, org.springframework.boot.test.json.DuplicateJsonObjectContextCustomizerFactory$DuplicateJsonObjectContextCustomizer@71def8f8, org.springframework.boot.test.mock.mockito.MockitoContextCustomizer@0, org.springframework.boot.test.web.client.TestRestTemplateContextCustomizer@1da2cb77, org.springframework.boot.test.autoconfigure.actuate.metrics.MetricsExportContextCustomizerFactory$DisableMetricExportContextCustomizer@1e04fa0a, org.springframework.boot.test.autoconfigure.properties.PropertyMappingContextCustomizer@0, org.springframework.boot.test.autoconfigure.web.servlet.WebDriverContextCustomizerFactory$Customizer@37d4349f, org.springframework.boot.test.context.SpringBootTestArgs@1, org.springframework.boot.test.context.SpringBootTestWebEnvironment@36b4cef0], resourceBasePath = 'src/main/webapp', contextLoader = 'org.springframework.boot.test.context.SpringBootContextLoader', parent = [null]], attributes = map['org.springframework.test.context.web.ServletTestExecutionListener.activateListener' -> true]], class annotated with @DirtiesContext [false] with mode [null].

  .   ____          _            __ _ _
 /\\ / ___'_ __ _ _(_)_ __  __ _ \ \ \ \
( ( )\___ | '_ | '_| | '_ \/ _` | \ \ \ \
 \\/  ___)| |_)| | | | | || (_| |  ) ) ) )
  '  |____| .__|_| |_|_| |_\__, | / / / /
 =========|_|==============|___/=/_/_/_/
 :: Spring Boot ::                (v2.7.3)

2022-09-13 23:56:36.389  INFO 18908 --- [           main] b.u.r.s.service.FisicaServiceTest        : Starting FisicaServiceTest using Java 17.0.4 on Lucas-Note with PID 18908 (started by Lucas in C:\Desenvolvimento\Unesp\SpringTutorial\springtutorial)
2022-09-13 23:56:36.391  INFO 18908 --- [           main] b.u.r.s.service.FisicaServiceTest        : No active profile set, falling back to 1 default profile: "default"
2022-09-13 23:56:37.109  INFO 18908 --- [           main] .s.d.r.c.RepositoryConfigurationDelegate : Bootstrapping Spring Data JPA repositories in DEFAULT mode.
2022-09-13 23:56:37.170  INFO 18908 --- [           main] .s.d.r.c.RepositoryConfigurationDelegate : Finished Spring Data repository scanning in 51 ms. Found 1 JPA repository interfaces.
2022-09-13 23:56:37.722  INFO 18908 --- [           main] o.hibernate.jpa.internal.util.LogHelper  : HHH000204: Processing PersistenceUnitInfo [name: default]
2022-09-13 23:56:37.772  INFO 18908 --- [           main] org.hibernate.Version                    : HHH000412: Hibernate ORM core version 5.6.10.Final
2022-09-13 23:56:37.916  INFO 18908 --- [           main] o.hibernate.annotations.common.Version   : HCANN000001: Hibernate Commons Annotations {5.1.2.Final}
2022-09-13 23:56:38.086  INFO 18908 --- [           main] com.zaxxer.hikari.HikariDataSource       : HikariPool-1 - Starting...
2022-09-13 23:56:38.393  INFO 18908 --- [           main] com.zaxxer.hikari.HikariDataSource       : HikariPool-1 - Start completed.
2022-09-13 23:56:38.407  INFO 18908 --- [           main] org.hibernate.dialect.Dialect            : HHH000400: Using dialect: org.hibernate.dialect.MySQL5InnoDBDialect
2022-09-13 23:56:39.143  INFO 18908 --- [           main] o.h.e.t.j.p.i.JtaPlatformInitiator       : HHH000490: Using JtaPlatform implementation: [org.hibernate.engine.transaction.jta.platform.internal.NoJtaPlatform]
2022-09-13 23:56:39.150  INFO 18908 --- [           main] j.LocalContainerEntityManagerFactoryBean : Initialized JPA EntityManagerFactory for persistence unit 'default'
2022-09-13 23:56:39.860  WARN 18908 --- [           main] JpaBaseConfiguration$JpaWebConfiguration : spring.jpa.open-in-view is enabled by default. Therefore, database queries may be performed during view rendering. Explicitly configure spring.jpa.open-in-view to disable this warning
2022-09-13 23:56:40.112  INFO 18908 --- [           main] o.s.b.a.w.s.WelcomePageHandlerMapping    : Adding welcome page: class path resource [static/index.html]
2022-09-13 23:56:41.045  INFO 18908 --- [           main] b.u.r.s.service.FisicaServiceTest        : Started FisicaServiceTest in 4.969 seconds (JVM running for 5.819)

Fisica(super=Pessoa(idPessoa=0, nome=Juca Chaves, endereco=[Endereco(idEndereco=0, rua=Avenida 24A, numero=1515, bairro=Bela Vista, cep=13506-900, cidade=Rio Claro, estado=SP), Endereco(idEndereco=0, rua=Avenida 24A, numero=2020, bairro=Bela Vista, cep=13506-900, cidade=Rio Claro, estado=SP), Endereco(idEndereco=0, rua=Avenida 24A, numero=3030, bairro=Bela Vista, cep=13506-900, cidade=Rio Claro, estado=SP)], acesso=Acesso(usuario=user1, senha=deitel), contato=Contato(idContato=0, telefoneResidencial=3333-4444, telefoneComercial=3333-5555, celular=98888-7777, email=juca@chaves.com.br)), cpf=111.222.333-44, dataNascimento=Tue Sep 13 23:56:41 BRT 2022)

]]></system-out>
  </testcase>
  <testcase name="testSave" classname="br.unesp.rc.springtutorial.service.FisicaServiceTest" time="0">
    <skipped message="public void br.unesp.rc.springtutorial.service.FisicaServiceTest.testSave() is @Disabled"/>
  </testcase>
  <testcase name="testFindByCpf" classname="br.unesp.rc.springtutorial.service.FisicaServiceTest" time="0">
    <skipped message="public void br.unesp.rc.springtutorial.service.FisicaServiceTest.testFindByCpf() is @Disabled"/>
  </testcase>
  <testcase name="testDelete" classname="br.unesp.rc.springtutorial.service.FisicaServiceTest" time="0">
    <skipped message="public void br.unesp.rc.springtutorial.service.FisicaServiceTest.testDelete() is @Disabled"/>
  </testcase>
  <testcase name="testUpdate" classname="br.unesp.rc.springtutorial.service.FisicaServiceTest" time="0">
    <skipped message="public void br.unesp.rc.springtutorial.service.FisicaServiceTest.testUpdate() is @Disabled"/>
  </testcase>
</testsuite>