<?xml version="1.0" encoding="UTF-8"?>
<testsuite xmlns:xsi="http://www.w3.org/2001/XMLSchema-instance" xsi:noNamespaceSchemaLocation="https://maven.apache.org/surefire/maven-surefire-plugin/xsd/surefire-test-report.xsd" name="br.unesp.rc.springtutorial.service.FisicaServiceTest" time="4.383" tests="5" errors="1" skipped="4" failures="0">
  <properties>
[...]
</properties>
  <testcase name="testFindAll" classname="br.unesp.rc.springtutorial.service.FisicaServiceTest" time="0">
    <skipped message="public void br.unesp.rc.springtutorial.service.FisicaServiceTest.testFindAll() is @Disabled"/>
    <system-out><![CDATA[22:55:46.714 [main] DEBUG org.springframework.test.context.BootstrapUtils - Instantiating CacheAwareContextLoaderDelegate from class [org.springframework.test.context.cache.DefaultCacheAwareContextLoaderDelegate]
22:55:46.721 [main] DEBUG org.springframework.test.context.BootstrapUtils - Instantiating BootstrapContext using constructor [public org.springframework.test.context.support.DefaultBootstrapContext(java.lang.Class,org.springframework.test.context.CacheAwareContextLoaderDelegate)]
22:55:46.748 [main] DEBUG org.springframework.test.context.BootstrapUtils - Instantiating TestContextBootstrapper for test class [br.unesp.rc.springtutorial.service.FisicaServiceTest] from class [org.springframework.boot.test.context.SpringBootTestContextBootstrapper]
22:55:46.755 [main] INFO org.springframework.boot.test.context.SpringBootTestContextBootstrapper - Neither @ContextConfiguration nor @ContextHierarchy found for test class [br.unesp.rc.springtutorial.service.FisicaServiceTest], using SpringBootContextLoader
22:55:46.758 [main] DEBUG org.springframework.test.context.support.AbstractContextLoader - Did not detect default resource location for test class [br.unesp.rc.springtutorial.service.FisicaServiceTest]: class path resource [br/unesp/rc/springtutorial/service/FisicaServiceTest-context.xml] does not exist
22:55:46.759 [main] DEBUG org.springframework.test.context.support.AbstractContextLoader - Did not detect default resource location for test class [br.unesp.rc.springtutorial.service.FisicaServiceTest]: class path resource [br/unesp/rc/springtutorial/service/FisicaServiceTestContext.groovy] does not exist
22:55:46.759 [main] INFO org.springframework.test.context.support.AbstractContextLoader - Could not detect default resource locations for test class [br.unesp.rc.springtutorial.service.FisicaServiceTest]: no resource found for suffixes {-context.xml, Context.groovy}.
22:55:46.759 [main] INFO org.springframework.test.context.support.AnnotationConfigContextLoaderUtils - Could not detect default configuration classes for test class [br.unesp.rc.springtutorial.service.FisicaServiceTest]: FisicaServiceTest does not declare any static, non-private, non-final, nested classes annotated with @Configuration.
22:55:46.793 [main] DEBUG org.springframework.test.context.support.ActiveProfilesUtils - Could not find an 'annotation declaring class' for annotation type [org.springframework.test.context.ActiveProfiles] and class [br.unesp.rc.springtutorial.service.FisicaServiceTest]
22:55:46.839 [main] DEBUG org.springframework.context.annotation.ClassPathScanningCandidateComponentProvider - Identified candidate component class: file [C:\Desenvolvimento\Unesp\SpringTutorial\springtutorial\target\classes\br\unesp\rc\springtutorial\SpringtutorialApplication.class]
22:55:46.841 [main] INFO org.springframework.boot.test.context.SpringBootTestContextBootstrapper - Found @SpringBootConfiguration br.unesp.rc.springtutorial.SpringtutorialApplication for test class br.unesp.rc.springtutorial.service.FisicaServiceTest
22:55:46.930 [main] DEBUG org.springframework.boot.test.context.SpringBootTestContextBootstrapper - @TestExecutionListeners is not present for class [br.unesp.rc.springtutorial.service.FisicaServiceTest]: using defaults.
22:55:46.931 [main] INFO org.springframework.boot.test.context.SpringBootTestContextBootstrapper - Loaded default TestExecutionListener class names from location [META-INF/spring.factories]: [org.springframework.boot.test.mock.mockito.MockitoTestExecutionListener, org.springframework.boot.test.mock.mockito.ResetMocksTestExecutionListener, org.springframework.boot.test.autoconfigure.restdocs.RestDocsTestExecutionListener, org.springframework.boot.test.autoconfigure.web.client.MockRestServiceServerResetTestExecutionListener, org.springframework.boot.test.autoconfigure.web.servlet.MockMvcPrintOnlyOnFailureTestExecutionListener, org.springframework.boot.test.autoconfigure.web.servlet.WebDriverTestExecutionListener, org.springframework.boot.test.autoconfigure.webservices.client.MockWebServiceServerTestExecutionListener, org.springframework.test.context.web.ServletTestExecutionListener, org.springframework.test.context.support.DirtiesContextBeforeModesTestExecutionListener, org.springframework.test.context.event.ApplicationEventsTestExecutionListener, org.springframework.test.context.support.DependencyInjectionTestExecutionListener, org.springframework.test.context.support.DirtiesContextTestExecutionListener, org.springframework.test.context.transaction.TransactionalTestExecutionListener, org.springframework.test.context.jdbc.SqlScriptsTestExecutionListener, org.springframework.test.context.event.EventPublishingTestExecutionListener]
22:55:46.945 [main] INFO org.springframework.boot.test.context.SpringBootTestContextBootstrapper - Using TestExecutionListeners: [org.springframework.test.context.web.ServletTestExecutionListener@b4711e2, org.springframework.test.context.support.DirtiesContextBeforeModesTestExecutionListener@1fa1cab1, org.springframework.test.context.event.ApplicationEventsTestExecutionListener@70f02c32, org.springframework.boot.test.mock.mockito.MockitoTestExecutionListener@62010f5c, org.springframework.boot.test.autoconfigure.SpringBootDependencyInjectionTestExecutionListener@51fadaff, org.springframework.test.context.support.DirtiesContextTestExecutionListener@401f7633, org.springframework.test.context.transaction.TransactionalTestExecutionListener@31ff43be, org.springframework.test.context.jdbc.SqlScriptsTestExecutionListener@5b6ec132, org.springframework.test.context.event.EventPublishingTestExecutionListener@5c44c582, org.springframework.boot.test.mock.mockito.ResetMocksTestExecutionListener@67d18ed7, org.springframework.boot.test.autoconfigure.restdocs.RestDocsTestExecutionListener@2c78d320, org.springframework.boot.test.autoconfigure.web.client.MockRestServiceServerResetTestExecutionListener@132e0cc, org.springframework.boot.test.autoconfigure.web.servlet.MockMvcPrintOnlyOnFailureTestExecutionListener@7b205dbd, org.springframework.boot.test.autoconfigure.web.servlet.WebDriverTestExecutionListener@106cc338, org.springframework.boot.test.autoconfigure.webservices.client.MockWebServiceServerTestExecutionListener@7a67e3c6]
22:55:46.949 [main] DEBUG org.springframework.test.context.support.AbstractDirtiesContextTestExecutionListener - Before test class: context [DefaultTestContext@1fc32e4f testClass = FisicaServiceTest, testInstance = [null], testMethod = [null], testException = [null], mergedContextConfiguration = [WebMergedContextConfiguration@2f67b837 testClass = FisicaServiceTest, locations = '{}', classes = '{class br.unesp.rc.springtutorial.SpringtutorialApplication}', contextInitializerClasses = '[]', activeProfiles = '{}', propertySourceLocations = '{}', propertySourceProperties = '{org.springframework.boot.test.context.SpringBootTestContextBootstrapper=true}', contextCustomizers = set[org.springframework.boot.test.context.filter.ExcludeFilterContextCustomizer@429bffaa, org.springframework.boot.test.json.DuplicateJsonObjectContextCustomizerFactory$DuplicateJsonObjectContextCustomizer@28f3b248, org.springframework.boot.test.mock.mockito.MockitoContextCustomizer@0, org.springframework.boot.test.web.client.TestRestTemplateContextCustomizer@32ee6fee, org.springframework.boot.test.autoconfigure.actuate.metrics.MetricsExportContextCustomizerFactory$DisableMetricExportContextCustomizer@56cdfb3b, org.springframework.boot.test.autoconfigure.properties.PropertyMappingContextCustomizer@0, org.springframework.boot.test.autoconfigure.web.servlet.WebDriverContextCustomizerFactory$Customizer@741a8937, org.springframework.boot.test.context.SpringBootTestArgs@1, org.springframework.boot.test.context.SpringBootTestWebEnvironment@69a3d1d], resourceBasePath = 'src/main/webapp', contextLoader = 'org.springframework.boot.test.context.SpringBootContextLoader', parent = [null]], attributes = map['org.springframework.test.context.web.ServletTestExecutionListener.activateListener' -> true]], class annotated with @DirtiesContext [false] with mode [null].

  .   ____          _            __ _ _
 /\\ / ___'_ __ _ _(_)_ __  __ _ \ \ \ \
( ( )\___ | '_ | '_| | '_ \/ _` | \ \ \ \
 \\/  ___)| |_)| | | | | || (_| |  ) ) ) )
  '  |____| .__|_| |_|_| |_\__, | / / / /
 =========|_|==============|___/=/_/_/_/
 :: Spring Boot ::                (v2.7.3)

2022-09-12 22:55:47.216  INFO 16124 --- [           main] b.u.r.s.service.FisicaServiceTest        : Starting FisicaServiceTest using Java 17.0.4 on Lucas-Note with PID 16124 (started by Lucas in C:\Desenvolvimento\Unesp\SpringTutorial\springtutorial)
2022-09-12 22:55:47.217  INFO 16124 --- [           main] b.u.r.s.service.FisicaServiceTest        : No active profile set, falling back to 1 default profile: "default"
2022-09-12 22:55:47.744  INFO 16124 --- [           main] .s.d.r.c.RepositoryConfigurationDelegate : Bootstrapping Spring Data JPA repositories in DEFAULT mode.
2022-09-12 22:55:47.792  INFO 16124 --- [           main] .s.d.r.c.RepositoryConfigurationDelegate : Finished Spring Data repository scanning in 40 ms. Found 1 JPA repository interfaces.
2022-09-12 22:55:48.295  INFO 16124 --- [           main] o.hibernate.jpa.internal.util.LogHelper  : HHH000204: Processing PersistenceUnitInfo [name: default]
2022-09-12 22:55:48.348  INFO 16124 --- [           main] org.hibernate.Version                    : HHH000412: Hibernate ORM core version 5.6.10.Final
2022-09-12 22:55:48.487  INFO 16124 --- [           main] o.hibernate.annotations.common.Version   : HCANN000001: Hibernate Commons Annotations {5.1.2.Final}
2022-09-12 22:55:48.624  INFO 16124 --- [           main] com.zaxxer.hikari.HikariDataSource       : HikariPool-1 - Starting...
2022-09-12 22:55:48.939  INFO 16124 --- [           main] com.zaxxer.hikari.HikariDataSource       : HikariPool-1 - Start completed.
2022-09-12 22:55:48.954  INFO 16124 --- [           main] org.hibernate.dialect.Dialect            : HHH000400: Using dialect: org.hibernate.dialect.MySQL5InnoDBDialect
2022-09-12 22:55:49.645  INFO 16124 --- [           main] o.h.e.t.j.p.i.JtaPlatformInitiator       : HHH000490: Using JtaPlatform implementation: [org.hibernate.engine.transaction.jta.platform.internal.NoJtaPlatform]
2022-09-12 22:55:49.651  INFO 16124 --- [           main] j.LocalContainerEntityManagerFactoryBean : Initialized JPA EntityManagerFactory for persistence unit 'default'
2022-09-12 22:55:50.171  WARN 16124 --- [           main] JpaBaseConfiguration$JpaWebConfiguration : spring.jpa.open-in-view is enabled by default. Therefore, database queries may be performed during view rendering. Explicitly configure spring.jpa.open-in-view to disable this warning
2022-09-12 22:55:50.716  INFO 16124 --- [           main] b.u.r.s.service.FisicaServiceTest        : Started FisicaServiceTest in 3.73 seconds (JVM running for 4.473)

Fisica(super=Pessoa(idPessoa=0, nome=Juca Chaves, endereco=[Endereco(idEndereco=0, rua=Avenida 24A, numero=1515, bairro=Bela Vista, cep=13506-900, cidade=Rio Claro, estado=SP), Endereco(idEndereco=0, rua=Avenida 24A, numero=2020, bairro=Bela Vista, cep=13506-900, cidade=Rio Claro, estado=SP), Endereco(idEndereco=0, rua=Avenida 24A, numero=3030, bairro=Bela Vista, cep=13506-900, cidade=Rio Claro, estado=SP)], acesso=Acesso(usuario=user1, senha=deitel), contato=Contato(idContato=0, telefoneResidencial=3333-4444, telefoneComercial=3333-5555, celular=98888-7777, email=juca@chaves.com.br)), cpf=111.222.333-44, dataNascimento=Mon Sep 12 22:55:50 BRT 2022)

]]></system-out>
  </testcase>
  <testcase name="testSave" classname="br.unesp.rc.springtutorial.service.FisicaServiceTest" time="0">
    <skipped message="void br.unesp.rc.springtutorial.service.FisicaServiceTest.testSave() is @Disabled"/>
  </testcase>
  <testcase name="testFindByCpf" classname="br.unesp.rc.springtutorial.service.FisicaServiceTest" time="0">
    <skipped message="void br.unesp.rc.springtutorial.service.FisicaServiceTest.testFindByCpf() is @Disabled"/>
  </testcase>
  <testcase name="testDelete" classname="br.unesp.rc.springtutorial.service.FisicaServiceTest" time="0.287">
    <error message="Entity must not be null!; nested exception is java.lang.IllegalArgumentException: Entity must not be null!" type="org.springframework.dao.InvalidDataAccessApiUsageException">org.springframework.dao.InvalidDataAccessApiUsageException: Entity must not be null!; nested exception is java.lang.IllegalArgumentException: Entity must not be null!
	at br.unesp.rc.springtutorial.service.FisicaServiceTest.testDelete(FisicaServiceTest.java:70)
Caused by: java.lang.IllegalArgumentException: Entity must not be null!
	at br.unesp.rc.springtutorial.service.FisicaServiceTest.testDelete(FisicaServiceTest.java:70)
</error>
    <system-out><![CDATA[Fisica(super=Pessoa(idPessoa=0, nome=Juca Chaves, endereco=[Endereco(idEndereco=0, rua=Avenida 24A, numero=1515, bairro=Bela Vista, cep=13506-900, cidade=Rio Claro, estado=SP), Endereco(idEndereco=0, rua=Avenida 24A, numero=2020, bairro=Bela Vista, cep=13506-900, cidade=Rio Claro, estado=SP), Endereco(idEndereco=0, rua=Avenida 24A, numero=3030, bairro=Bela Vista, cep=13506-900, cidade=Rio Claro, estado=SP)], acesso=Acesso(usuario=user5, senha=deitel), contato=Contato(idContato=0, telefoneResidencial=3333-4444, telefoneComercial=3333-5555, celular=98888-7777, email=juca@chaves.com.br)), cpf=111.222.333-55, dataNascimento=Mon Sep 12 22:55:50 BRT 2022)
----------------------------------------
null
----------------------------------------
]]></system-out>
  </testcase>
  <testcase name="testUpdate" classname="br.unesp.rc.springtutorial.service.FisicaServiceTest" time="0">
    <skipped message="public void br.unesp.rc.springtutorial.service.FisicaServiceTest.testUpdate() is @Disabled"/>
  </testcase>
</testsuite>